# Logfile created on 2014-08-01 01:17:00 -0600 by logger.rb/41954
I, [2014-08-01T01:17:00.035766 #2088]  INFO -- : 0:  rake (10.3.2) from /Users/amontano/.rvm/gems/ruby-2.0.0-p353@rails4/specifications/rake-10.3.2.gemspec
I, [2014-08-01T01:17:00.036126 #2088]  INFO -- : 0:  i18n (0.6.11) from /Users/amontano/.rvm/gems/ruby-2.0.0-p353@rails4/specifications/i18n-0.6.11.gemspec
I, [2014-08-01T01:17:00.036363 #2088]  INFO -- : 0:  minitest (4.7.5) from /Users/amontano/.rvm/gems/ruby-2.0.0-p353@rails4/specifications/minitest-4.7.5.gemspec
I, [2014-08-01T01:17:00.036601 #2088]  INFO -- : 0:  multi_json (1.10.1) from /Users/amontano/.rvm/gems/ruby-2.0.0-p353@rails4/specifications/multi_json-1.10.1.gemspec
I, [2014-08-01T01:17:00.036817 #2088]  INFO -- : 0:  thread_safe (0.3.4) from /Users/amontano/.rvm/gems/ruby-2.0.0-p353@rails4/specifications/thread_safe-0.3.4.gemspec
I, [2014-08-01T01:17:00.037031 #2088]  INFO -- : 0:  tzinfo (0.3.40) from /Users/amontano/.rvm/gems/ruby-2.0.0-p353@rails4/specifications/tzinfo-0.3.40.gemspec
I, [2014-08-01T01:17:00.037291 #2088]  INFO -- : 0:  activesupport (4.0.8) from /Users/amontano/.rvm/gems/ruby-2.0.0-p353@rails4/specifications/activesupport-4.0.8.gemspec
I, [2014-08-01T01:17:00.037498 #2088]  INFO -- : 0:  builder (3.1.4) from /Users/amontano/.rvm/gems/ruby-2.0.0-p353@rails4/specifications/builder-3.1.4.gemspec
I, [2014-08-01T01:17:00.037702 #2088]  INFO -- : 0:  erubis (2.7.0) from /Users/amontano/.rvm/gems/ruby-2.0.0-p353@rails4/specifications/erubis-2.7.0.gemspec
I, [2014-08-01T01:17:00.037922 #2088]  INFO -- : 0:  rack (1.5.2) from /Users/amontano/.rvm/gems/ruby-2.0.0-p353@rails4/specifications/rack-1.5.2.gemspec
I, [2014-08-01T01:17:00.038133 #2088]  INFO -- : 0:  rack-test (0.6.2) from /Users/amontano/.rvm/gems/ruby-2.0.0-p353@rails4/specifications/rack-test-0.6.2.gemspec
I, [2014-08-01T01:17:00.038335 #2088]  INFO -- : 0:  actionpack (4.0.8) from /Users/amontano/.rvm/gems/ruby-2.0.0-p353@rails4/specifications/actionpack-4.0.8.gemspec
I, [2014-08-01T01:17:00.038535 #2088]  INFO -- : 0:  mime-types (1.25.1) from /Users/amontano/.rvm/gems/ruby-2.0.0-p353@rails4/specifications/mime-types-1.25.1.gemspec
I, [2014-08-01T01:17:00.038737 #2088]  INFO -- : 0:  polyglot (0.3.5) from /Users/amontano/.rvm/gems/ruby-2.0.0-p353@rails4/specifications/polyglot-0.3.5.gemspec
I, [2014-08-01T01:17:00.038937 #2088]  INFO -- : 0:  treetop (1.4.15) from /Users/amontano/.rvm/gems/ruby-2.0.0-p353@rails4/specifications/treetop-1.4.15.gemspec
I, [2014-08-01T01:17:00.039137 #2088]  INFO -- : 0:  mail (2.5.4) from /Users/amontano/.rvm/gems/ruby-2.0.0-p353@rails4/specifications/mail-2.5.4.gemspec
I, [2014-08-01T01:17:00.039340 #2088]  INFO -- : 0:  actionmailer (4.0.8) from /Users/amontano/.rvm/gems/ruby-2.0.0-p353@rails4/specifications/actionmailer-4.0.8.gemspec
I, [2014-08-01T01:17:00.039540 #2088]  INFO -- : 0:  activemodel (4.0.8) from /Users/amontano/.rvm/gems/ruby-2.0.0-p353@rails4/specifications/activemodel-4.0.8.gemspec
I, [2014-08-01T01:17:00.039743 #2088]  INFO -- : 0:  activerecord-deprecated_finders (1.0.3) from /Users/amontano/.rvm/gems/ruby-2.0.0-p353@rails4/specifications/activerecord-deprecated_finders-1.0.3.gemspec
I, [2014-08-01T01:17:00.039942 #2088]  INFO -- : 0:  arel (4.0.2) from /Users/amontano/.rvm/gems/ruby-2.0.0-p353@rails4/specifications/arel-4.0.2.gemspec
I, [2014-08-01T01:17:00.040141 #2088]  INFO -- : 0:  activerecord (4.0.8) from /Users/amontano/.rvm/gems/ruby-2.0.0-p353@rails4/specifications/activerecord-4.0.8.gemspec
I, [2014-08-01T01:17:00.040330 #2088]  INFO -- : 0:  bundler (1.5.1) from /Users/amontano/.rvm/gems/ruby-2.0.0-p353@global/specifications/bundler-1.5.1.gemspec
I, [2014-08-01T01:17:00.040523 #2088]  INFO -- : 0:  thor (0.19.1) from /Users/amontano/.rvm/gems/ruby-2.0.0-p353@rails4/specifications/thor-0.19.1.gemspec
I, [2014-08-01T01:17:00.040719 #2088]  INFO -- : 0:  railties (4.0.8) from /Users/amontano/.rvm/gems/ruby-2.0.0-p353@rails4/specifications/railties-4.0.8.gemspec
I, [2014-08-01T01:17:00.040912 #2088]  INFO -- : 0:  hike (1.2.3) from /Users/amontano/.rvm/gems/ruby-2.0.0-p353@rails4/specifications/hike-1.2.3.gemspec
I, [2014-08-01T01:17:00.041131 #2088]  INFO -- : 0:  tilt (1.4.1) from /Users/amontano/.rvm/gems/ruby-2.0.0-p353@rails4/specifications/tilt-1.4.1.gemspec
I, [2014-08-01T01:17:00.041336 #2088]  INFO -- : 0:  sprockets (2.12.1) from /Users/amontano/.rvm/gems/ruby-2.0.0-p353@rails4/specifications/sprockets-2.12.1.gemspec
I, [2014-08-01T01:17:00.041535 #2088]  INFO -- : 0:  sprockets-rails (2.1.3) from /Users/amontano/.rvm/gems/ruby-2.0.0-p353@rails4/specifications/sprockets-rails-2.1.3.gemspec
I, [2014-08-01T01:17:00.041733 #2088]  INFO -- : 0:  rails (4.0.8) from /Users/amontano/.rvm/gems/ruby-2.0.0-p353@rails4/specifications/rails-4.0.8.gemspec
I, [2014-08-01T01:17:00.048753 #2088]  INFO -- : 0:  active_resource_extensions (2.1.2) from /Users/amontano/Workspaces/rails/master/thl/engines/active_resource_extensions/active_resource_extensions.gemspec
I, [2014-08-01T01:17:00.049177 #2088]  INFO -- : 0:  jquery-rails (3.1.1) from /Users/amontano/.rvm/gems/ruby-2.0.0-p353@rails4/specifications/jquery-rails-3.1.1.gemspec
I, [2014-08-01T01:17:00.049446 #2088]  INFO -- : 0:  sqlite3 (1.3.9) from /Users/amontano/.rvm/gems/ruby-2.0.0-p353@rails4/specifications/sqlite3-1.3.9.gemspec
